2025-02-28T11:24:29.589Z : ucenik connected to the game
2025-02-28T11:24:29.622Z : ucenik connected to the game
2025-02-28T11:24:29.623Z : ucenik connected to the game
2025-02-28T11:24:29.623Z : ucenik connected to the game
2025-02-28T11:24:29.627Z : ucenik connected to the game
2025-02-28T11:24:29.628Z : ucenik connected to the game
2025-02-28T11:24:29.629Z : ucenik connected to the game
2025-02-28T11:24:29.628Z : ucenik connected to the game
2025-02-28T11:24:29.629Z : ucenik connected to the game
2025-02-28T11:25:34.980Z : ucenik joined map-1
2025-02-28T11:26:02.717Z : ucenik joined map-1
2025-02-28T11:26:15.082Z : ucenik joined map-1
2025-02-28T11:26:27.644Z : ucenik joined map-1
2025-02-28T11:27:03.868Z : ucenik disconnected from the game.
2025-02-28T11:27:35.427Z : ucenik connected to the game
2025-02-28T11:27:36.294Z : ucenik joined map-1
2025-02-28T11:27:47.379Z : ucenik disconnected from the game.
2025-02-28T11:27:50.772Z : ucenik connected to the game
2025-02-28T11:27:51.634Z : ucenik joined map-1
2025-02-28T11:28:10.411Z : ucenik joined map-1
2025-02-28T11:28:18.080Z : ucenik joined map-1
2025-02-28T11:28:28.673Z : ucenik disconnected from the game.
2025-02-28T11:28:41.512Z : ucenik connected to the game
2025-02-28T11:28:42.395Z : ucenik joined map-1
2025-02-28T11:29:07.897Z : ucenik disconnected from the game.
2025-02-28T11:29:56.327Z : ucenik connected to the game
2025-02-28T11:29:57.198Z : ucenik joined map-1
2025-02-28T11:30:03.252Z : ucenik joined map-1
2025-02-28T11:30:12.767Z : ucenik disconnected from the game.
2025-02-28T11:30:34.503Z : ucenik connected to the game
2025-02-28T11:30:35.389Z : ucenik joined map-1
2025-02-28T11:30:43.482Z : ucenik left map-1
2025-02-28T11:30:43.482Z : ucenik joined map-5
2025-02-28T11:30:50.378Z : ucenik disconnected from the game.
2025-02-28T11:31:00.223Z : ucenik connected to the game
2025-02-28T11:31:01.107Z : ucenik joined map-5
2025-02-28T11:31:11.385Z : ucenik disconnected from the game.
2025-02-28T11:31:15.657Z : ucenik connected to the game
2025-02-28T11:31:16.544Z : ucenik joined map-5
2025-02-28T11:31:24.703Z : ucenik disconnected from the game.
2025-02-28T11:34:12.840Z : ucenik connected to the game
2025-02-28T11:34:13.731Z : ucenik joined map-5
2025-02-28T11:34:21.573Z : ucenik disconnected from the game.
2025-02-28T11:35:30.790Z : ucenik connected to the game
2025-02-28T11:35:31.661Z : ucenik joined map-5
2025-02-28T11:35:37.111Z : ucenik disconnected from the game.
2025-02-28T11:35:47.928Z : ucenik connected to the game
2025-02-28T11:35:48.796Z : ucenik joined map-5
2025-02-28T11:35:55.604Z : ucenik joined map-5
2025-02-28T11:35:58.046Z : ucenik disconnected from the game.
2025-02-28T11:36:25.678Z : ucenik connected to the game
2025-02-28T11:36:26.568Z : ucenik joined map-5
2025-02-28T11:36:40.524Z : ucenik left map-5
2025-02-28T11:36:40.524Z : ucenik joined map-1
2025-02-28T11:37:03.725Z : ucenik joined map-1
2025-02-28T11:37:15.462Z : ucenik disconnected from the game.
2025-02-28T11:37:18.306Z : ucenik connected to the game
2025-02-28T11:37:19.177Z : ucenik joined map-1
2025-02-28T11:37:25.039Z : ucenik joined map-1
2025-02-28T11:37:35.766Z : ucenik joined map-1
2025-02-28T11:40:29.372Z : ucenik connected to the game
2025-02-28T11:40:30.286Z : ucenik joined map-1
2025-02-28T11:40:36.630Z : ucenik disconnected from the game.
2025-02-28T11:40:39.168Z : ucenik connected to the game
2025-02-28T11:40:40.032Z : ucenik joined map-1
2025-02-28T11:40:50.839Z : ucenik joined map-1
2025-02-28T11:41:00.545Z : ucenik joined map-1
2025-02-28T11:41:12.805Z : ucenik joined map-1
2025-02-28T11:43:23.269Z : ucenik disconnected from the game.
2025-02-28T11:43:30.280Z : user connected to the game
2025-02-28T11:43:31.474Z : user joined map-1
2025-02-28T11:43:43.139Z : user disconnected from the game.
2025-02-28T11:44:00.388Z : user connected to the game
2025-02-28T11:44:01.340Z : user joined map-1
2025-02-28T11:44:35.021Z : user joined map-1
2025-02-28T11:44:47.807Z : user joined map-1
2025-02-28T11:49:13.817Z : ucenik connected to the game
2025-02-28T11:49:14.715Z : ucenik joined map-1
2025-02-28T11:49:14.718Z : user transmitted its position to Nj4VQakLM1hukjXUAAAF
2025-02-28T11:49:24.761Z : ucenik joined map-1
2025-02-28T11:49:24.762Z : user transmitted its position to Nj4VQakLM1hukjXUAAAF
2025-02-28T11:49:29.913Z : ucenik disconnected from the game.
2025-02-28T11:50:20.073Z : ucenik connected to the game
2025-02-28T11:50:20.956Z : ucenik joined map-1
2025-02-28T11:50:27.145Z : ucenik joined map-1
2025-02-28T11:50:33.543Z : ucenik joined map-1
2025-02-28T11:56:23.202Z : ucenik disconnected from the game.
2025-02-28T13:07:38.406Z : ucenik connected to the game
2025-02-28T13:07:39.295Z : ucenik joined map-1
2025-02-28T13:26:34.501Z : ucenik disconnected from the game.
2025-02-28T21:07:02.620Z : ucenik connected to the game
2025-02-28T21:07:03.581Z : ucenik joined map-1
2025-02-28T21:08:21.481Z : ucenik disconnected from the game.
2025-02-28T21:08:25.783Z : ucenik connected to the game
2025-02-28T21:08:26.738Z : ucenik joined map-1
2025-02-28T21:08:52.216Z : ucenik left map-1
2025-02-28T21:08:52.216Z : ucenik joined map-2
2025-02-28T21:10:48.136Z : ucenik disconnected from the game.
2025-02-28T21:17:00.837Z : ucenik connected to the game
2025-02-28T21:17:01.754Z : ucenik joined map-2
2025-02-28T21:17:09.854Z : ucenik left map-2
2025-02-28T21:17:09.857Z : ucenik joined map-1
2025-02-28T21:17:15.572Z : ucenik disconnected from the game.
2025-02-28T21:17:46.468Z : ucenik connected to the game
2025-02-28T21:17:47.431Z : ucenik joined map-1
2025-02-28T21:17:50.936Z : ucenik left map-1
2025-02-28T21:17:50.937Z : ucenik joined map-6
2025-02-28T21:17:58.886Z : ucenik disconnected from the game.
2025-02-28T21:18:33.339Z : ucenik connected to the game
2025-02-28T21:18:34.267Z : ucenik joined map-6
2025-02-28T21:18:38.104Z : ucenik disconnected from the game.
2025-02-28T21:18:58.935Z : ucenik connected to the game
2025-02-28T21:18:59.852Z : ucenik joined map-6
2025-02-28T21:19:05.356Z : ucenik disconnected from the game.
2025-02-28T21:21:44.304Z : ucenik connected to the game
2025-02-28T21:21:45.238Z : ucenik joined map-6
2025-02-28T21:22:38.827Z : ucenik disconnected from the game.
2025-02-28T21:23:10.087Z : ucenik connected to the game
2025-02-28T21:23:10.996Z : ucenik joined map-6
2025-02-28T21:24:38.064Z : ucenik disconnected from the game.
2025-02-28T21:24:41.779Z : ucenik connected to the game
2025-02-28T21:24:42.692Z : ucenik joined map-6
2025-02-28T21:24:45.935Z : ucenik left map-6
2025-02-28T21:24:45.936Z : ucenik joined map-1
2025-02-28T21:24:54.029Z : ucenik left map-1
2025-02-28T21:24:54.030Z : ucenik joined map-6
2025-02-28T21:24:58.069Z : ucenik left map-6
2025-02-28T21:24:58.069Z : ucenik joined map-1
2025-02-28T21:24:59.616Z : ucenik left map-1
2025-02-28T21:24:59.617Z : ucenik joined map-6
2025-02-28T21:25:10.072Z : ucenik joined map-1
2025-02-28T21:25:10.072Z : ucenik left map-6
2025-02-28T21:25:17.839Z : ucenik disconnected from the game.
2025-02-28T21:26:57.541Z : ucenik connected to the game
2025-02-28T21:26:58.484Z : ucenik joined map-1
2025-02-28T21:27:23.580Z : ucenik joined map-1
2025-02-28T21:27:28.507Z : ucenik left map-1
2025-02-28T21:27:28.508Z : ucenik joined map-6
2025-02-28T21:28:03.307Z : ucenik left map-6
2025-02-28T21:28:03.308Z : ucenik joined map-1
2025-02-28T21:28:12.178Z : ucenik left map-1
2025-02-28T21:28:12.179Z : ucenik joined map-4
2025-02-28T21:28:25.196Z : ucenik disconnected from the game.
2025-02-28T21:29:23.085Z : ucenik connected to the game
2025-02-28T21:29:24.014Z : ucenik joined map-4
2025-02-28T21:29:33.186Z : ucenik joined map-4
2025-02-28T21:29:40.202Z : ucenik joined map-4
2025-02-28T21:29:45.696Z : ucenik joined map-4
2025-02-28T21:31:51.407Z : ucenik disconnected from the game.
2025-02-28T21:32:18.262Z : ucenik connected to the game
2025-02-28T21:32:19.189Z : ucenik joined map-4
2025-02-28T21:33:38.300Z : ucenik joined map-4
2025-02-28T21:33:45.948Z : ucenik disconnected from the game.
2025-02-28T21:34:22.360Z : ucenik connected to the game
2025-02-28T21:34:23.321Z : ucenik joined map-4
2025-02-28T21:34:37.425Z : ucenik disconnected from the game.
2025-02-28T21:35:04.378Z : ucenik connected to the game
2025-02-28T21:35:05.315Z : ucenik joined map-4
2025-02-28T21:35:11.433Z : ucenik disconnected from the game.
2025-02-28T21:35:44.378Z : ucenik connected to the game
2025-02-28T21:35:45.307Z : ucenik joined map-4
2025-02-28T21:35:47.077Z : ucenik disconnected from the game.
2025-02-28T21:35:51.929Z : ucenik connected to the game
2025-02-28T21:35:52.848Z : ucenik joined map-4
2025-02-28T21:36:18.169Z : ucenik disconnected from the game.
2025-02-28T21:37:27.415Z : ucenik connected to the game
2025-02-28T21:37:28.349Z : ucenik joined map-4
2025-02-28T21:37:40.013Z : ucenik disconnected from the game.
2025-02-28T21:37:43.422Z : ucenik connected to the game
2025-02-28T21:37:44.349Z : ucenik joined map-4
2025-02-28T21:37:57.101Z : ucenik joined map-4
2025-02-28T21:38:33.777Z : ucenik joined map-4
2025-02-28T21:38:37.589Z : ucenik disconnected from the game.
2025-02-28T21:38:53.061Z : admin connected to the game
2025-02-28T21:38:54.010Z : admin joined map-1
2025-02-28T21:38:57.738Z : admin left map-1
2025-02-28T21:38:57.739Z : admin joined map-6
2025-02-28T21:39:04.720Z : admin disconnected from the game.
