2025-03-01T08:51:55.188Z : admin connected to the game
2025-03-01T08:51:56.042Z : admin joined map-1
2025-03-01T08:53:57.531Z : admin joined map-1
2025-03-01T08:54:05.669Z : admin disconnected from the game.
2025-03-01T08:55:04.411Z : admin connected to the game
2025-03-01T08:55:05.260Z : admin joined map-1
2025-03-01T08:55:09.222Z : admin disconnected from the game.
2025-03-01T09:02:04.063Z : admin connected to the game
2025-03-01T09:02:04.925Z : admin joined map-1
2025-03-01T09:02:08.104Z : admin disconnected from the game.
2025-03-01T09:10:32.087Z : mar connected to the game
2025-03-01T09:10:32.952Z : mar joined map-1
2025-03-01T09:10:43.949Z : mar disconnected from the game.
2025-03-01T09:13:47.455Z : mar connected to the game
2025-03-01T09:13:48.307Z : mar joined map-1
2025-03-01T09:14:08.546Z : mar disconnected from the game.
2025-03-01T09:26:15.649Z : mar connected to the game
2025-03-01T09:26:16.501Z : mar joined map-1
2025-03-01T09:26:18.471Z : mar disconnected from the game.
2025-03-01T09:26:42.766Z : miro connected to the game
2025-03-01T09:26:43.626Z : miro joined map-1
2025-03-01T09:26:46.211Z : miro disconnected from the game.
2025-03-01T09:27:30.502Z : miro connected to the game
2025-03-01T09:27:31.356Z : miro joined map-1
2025-03-01T09:27:33.637Z : miro disconnected from the game.
2025-03-01T09:30:21.498Z : miro connected to the game
2025-03-01T09:30:22.346Z : miro joined map-1
2025-03-01T09:30:27.505Z : miro disconnected from the game.
2025-03-01T09:30:34.452Z : mir connected to the game
2025-03-01T09:30:35.314Z : mir joined map-1
2025-03-01T09:30:37.731Z : mir disconnected from the game.
2025-03-01T09:31:29.320Z : mir connected to the game
2025-03-01T09:31:30.204Z : mir joined map-1
2025-03-01T09:31:32.936Z : mir disconnected from the game.
2025-03-01T09:31:40.097Z : mira connected to the game
2025-03-01T09:31:40.971Z : mira joined map-1
2025-03-01T09:31:44.170Z : mira disconnected from the game.
2025-03-01T09:40:00.776Z : mirss connected to the game
2025-03-01T09:40:01.645Z : mirss joined map-1
2025-03-01T09:41:12.205Z : mirss disconnected from the game.
2025-03-01T09:43:23.601Z : mirsa connected to the game
2025-03-01T09:43:24.463Z : mirsa joined map-1
2025-03-01T09:43:31.808Z : mirsa disconnected from the game.
2025-03-01T10:31:59.236Z : mirsa connected to the game
2025-03-01T10:32:00.074Z : mirsa joined map-1
2025-03-01T10:32:13.449Z : mirsa disconnected from the game.
2025-03-01T10:34:30.708Z : mirsa connected to the game
2025-03-01T10:34:31.571Z : mirsa joined map-1
2025-03-01T10:34:46.020Z : mirsa disconnected from the game.
2025-03-01T10:36:40.222Z : mirsa connected to the game
2025-03-01T10:36:41.058Z : mirsa joined map-1
2025-03-01T10:36:59.190Z : mirsa disconnected from the game.
2025-03-01T10:38:08.280Z : mirsa connected to the game
2025-03-01T10:38:09.135Z : mirsa joined map-1
2025-03-01T10:38:15.486Z : mirsa disconnected from the game.
2025-03-01T10:38:36.443Z : mirsa connected to the game
2025-03-01T10:38:37.289Z : mirsa joined map-1
2025-03-01T10:38:42.542Z : mirsa disconnected from the game.
2025-03-01T10:39:00.361Z : mirsa connected to the game
2025-03-01T10:39:01.202Z : mirsa joined map-1
2025-03-01T10:39:08.472Z : mirsa disconnected from the game.
2025-03-01T10:41:15.442Z : mirsa connected to the game
2025-03-01T10:41:16.280Z : mirsa joined map-1
2025-03-01T10:41:41.713Z : mirsa disconnected from the game.
2025-03-01T10:44:22.982Z : mirsa connected to the game
2025-03-01T10:44:23.832Z : mirsa joined map-1
2025-03-01T10:45:04.464Z : mirsa disconnected from the game.
2025-03-01T10:47:09.801Z : mirsa connected to the game
2025-03-01T10:47:10.640Z : mirsa joined map-1
2025-03-01T10:47:40.193Z : mirsa disconnected from the game.
2025-03-01T10:49:08.462Z : mirsa connected to the game
2025-03-01T10:49:09.317Z : mirsa joined map-1
2025-03-01T10:49:31.424Z : mirsa disconnected from the game.
2025-03-01T10:54:57.644Z : mirsa connected to the game
2025-03-01T10:54:58.492Z : mirsa joined map-1
2025-03-01T10:56:02.378Z : mirsa disconnected from the game.
2025-03-01T10:56:44.063Z : mirsa connected to the game
2025-03-01T10:56:44.913Z : mirsa joined map-1
2025-03-01T10:57:00.503Z : mirsa disconnected from the game.
2025-03-01T10:58:31.803Z : mirsa connected to the game
2025-03-01T10:58:32.643Z : mirsa joined map-1
2025-03-01T10:59:18.695Z : mirsa disconnected from the game.
2025-03-01T10:59:22.429Z : mirsa connected to the game
2025-03-01T10:59:23.265Z : mirsa joined map-1
2025-03-01T10:59:36.191Z : mirsa disconnected from the game.
2025-03-01T10:59:53.991Z : mirsa connected to the game
2025-03-01T10:59:54.826Z : mirsa joined map-1
2025-03-01T11:00:07.076Z : mirsa disconnected from the game.
2025-03-01T11:00:45.203Z : mirsa connected to the game
2025-03-01T11:00:46.052Z : mirsa joined map-1
2025-03-01T11:01:02.443Z : mirsa disconnected from the game.
2025-03-01T11:05:47.896Z : mirsa connected to the game
2025-03-01T11:05:48.735Z : mirsa joined map-1
2025-03-01T11:06:01.333Z : mirsa disconnected from the game.
2025-03-01T11:06:05.311Z : mirsa connected to the game
2025-03-01T11:06:06.150Z : mirsa joined map-1
2025-03-01T11:06:08.756Z : mirsa disconnected from the game.
2025-03-01T11:06:24.517Z : mirsa connected to the game
2025-03-01T11:06:25.383Z : mirsa joined map-1
2025-03-01T11:06:31.475Z : mirsa disconnected from the game.
2025-03-01T11:07:49.956Z : mirsa connected to the game
2025-03-01T11:07:50.798Z : mirsa joined map-1
2025-03-01T11:08:04.371Z : mirsa disconnected from the game.
2025-03-01T11:10:51.198Z : mirsa connected to the game
2025-03-01T11:10:52.032Z : mirsa joined map-1
2025-03-01T11:10:59.510Z : mirsa disconnected from the game.
2025-03-01T11:11:19.752Z : mirsa connected to the game
2025-03-01T11:11:20.596Z : mirsa joined map-1
2025-03-01T11:11:30.957Z : mirsa disconnected from the game.
2025-03-01T11:12:53.558Z : mirsa connected to the game
2025-03-01T11:12:54.404Z : mirsa joined map-1
2025-03-01T11:13:11.674Z : mirsa disconnected from the game.
2025-03-01T11:14:42.923Z : mirsa connected to the game
2025-03-01T11:14:43.779Z : mirsa joined map-1
2025-03-01T11:14:49.425Z : mirsa disconnected from the game.
2025-03-01T11:14:54.891Z : mirsa connected to the game
2025-03-01T11:14:55.727Z : mirsa joined map-1
2025-03-01T11:15:04.305Z : mirsa disconnected from the game.
2025-03-01T11:17:01.093Z : mirsa connected to the game
2025-03-01T11:17:01.965Z : mirsa joined map-1
2025-03-01T11:17:10.480Z : mirsa disconnected from the game.
2025-03-01T11:17:48.093Z : mirsa connected to the game
2025-03-01T11:17:48.970Z : mirsa joined map-1
2025-03-01T11:17:57.906Z : mirsa joined map-1
2025-03-01T11:18:03.816Z : mirsa disconnected from the game.
2025-03-01T11:18:53.325Z : mirsa connected to the game
2025-03-01T11:18:54.195Z : mirsa joined map-1
2025-03-01T11:19:00.975Z : mirsa disconnected from the game.
2025-03-01T11:19:19.116Z : mirsa connected to the game
2025-03-01T11:19:19.987Z : mirsa joined map-1
2025-03-01T11:19:26.275Z : mirsa disconnected from the game.
2025-03-01T11:20:14.972Z : mirsa connected to the game
2025-03-01T11:20:15.851Z : mirsa joined map-1
2025-03-01T11:20:33.993Z : mirsa disconnected from the game.
2025-03-01T11:21:03.275Z : mirsa connected to the game
2025-03-01T11:21:04.183Z : mirsa joined map-1
2025-03-01T11:21:08.244Z : mirsa disconnected from the game.
2025-03-01T11:22:19.340Z : mirsa connected to the game
2025-03-01T11:22:20.187Z : mirsa joined map-1
2025-03-01T11:22:25.266Z : mirsa disconnected from the game.
2025-03-01T11:23:02.071Z : mirsa connected to the game
2025-03-01T11:23:02.913Z : mirsa joined map-1
2025-03-01T11:23:18.882Z : mirsa disconnected from the game.
2025-03-01T11:24:49.652Z : mirsa connected to the game
2025-03-01T11:24:50.517Z : mirsa joined map-1
2025-03-01T11:25:03.228Z : mirsa disconnected from the game.
2025-03-01T11:25:08.389Z : mirsa connected to the game
2025-03-01T11:25:09.275Z : mirsa joined map-1
2025-03-01T11:25:22.050Z : mirsa disconnected from the game.
