2025-02-26T08:24:12.255Z : admin connected to the game
2025-02-26T08:24:12.317Z : admin connected to the game
2025-02-26T08:24:12.317Z : admin connected to the game
2025-02-26T08:24:12.317Z : admin connected to the game
2025-02-26T08:24:12.317Z : admin connected to the game
2025-02-26T08:24:12.318Z : admin connected to the game
2025-02-26T08:24:12.318Z : admin connected to the game
2025-02-26T08:24:12.318Z : admin connected to the game
2025-02-26T08:24:12.326Z : admin connected to the game
2025-02-26T08:24:12.326Z : admin connected to the game
2025-02-26T08:24:12.326Z : admin connected to the game
2025-02-26T08:24:12.327Z : admin connected to the game
2025-02-26T08:24:12.327Z : admin connected to the game
2025-02-26T08:24:12.326Z : admin connected to the game
2025-02-26T08:24:12.327Z : admin connected to the game
2025-02-26T08:24:12.328Z : admin connected to the game
2025-02-26T08:24:12.328Z : admin connected to the game
2025-02-26T08:24:12.329Z : admin connected to the game
2025-02-26T08:24:12.357Z : ucenik connected to the game
2025-02-26T08:24:12.362Z : ucenik connected to the game
2025-02-26T08:24:12.361Z : ucenik connected to the game
2025-02-26T08:24:12.364Z : ucenik connected to the game
2025-02-26T08:24:12.365Z : ucenik connected to the game
2025-02-26T08:24:12.364Z : ucenik connected to the game
2025-02-26T08:25:35.924Z : ucenik joined map-1
2025-02-26T08:27:26.349Z : admin connected to the game
2025-02-26T08:27:27.223Z : admin joined map-1
2025-02-26T08:27:27.228Z : ucenik transmitted its position to D-KIWpQhRvuFysJ9AAAB
2025-02-26T08:28:37.445Z : ucenik disconnected from the game.
2025-02-26T08:32:28.614Z : admin connected to the game
2025-02-26T08:32:29.505Z : admin joined map-1
2025-02-26T08:32:29.512Z : admin transmitted its position to IMsXC1yEY8xb4RxaAAAC
2025-02-26T08:32:41.160Z : admin disconnected from the game.
2025-02-26T08:32:50.530Z : admin connected to the game
2025-02-26T08:32:51.417Z : admin joined map-1
2025-02-26T08:32:51.418Z : admin transmitted its position to d4SSP24rtY07ZENiAAAD
2025-02-26T08:33:05.620Z : admin disconnected from the game.
2025-02-26T08:33:45.699Z : admin connected to the game
2025-02-26T08:33:46.604Z : admin joined map-1
2025-02-26T08:33:46.606Z : admin transmitted its position to _iPp9iHXH_QnAAiKAAAE
2025-02-26T08:38:51.544Z : admin disconnected from the game.
2025-02-26T08:42:56.945Z : admin disconnected from the game.
2025-02-26T08:43:02.395Z : admin connected to the game
2025-02-26T08:43:03.290Z : admin joined map-1
2025-02-26T08:43:14.013Z : admin disconnected from the game.
2025-02-26T08:44:02.316Z : admin connected to the game
2025-02-26T08:44:03.176Z : admin joined map-1
2025-02-26T08:44:08.738Z : admin disconnected from the game.
2025-02-26T08:46:16.917Z : admin connected to the game
2025-02-26T08:46:17.798Z : admin joined map-1
2025-02-26T08:46:22.624Z : admin disconnected from the game.
2025-02-26T08:47:25.386Z : admin connected to the game
2025-02-26T08:47:26.256Z : admin joined map-1
2025-02-26T08:47:29.532Z : admin disconnected from the game.
2025-02-26T08:47:37.035Z : ucenik connected to the game
2025-02-26T08:47:37.939Z : ucenik joined map-1
2025-02-26T08:47:54.561Z : ucenik disconnected from the game.
2025-02-26T08:52:44.775Z : ucenik connected to the game
2025-02-26T08:52:45.658Z : ucenik joined map-1
2025-02-26T08:52:53.973Z : ucenik disconnected from the game.
2025-02-26T08:53:13.022Z : ucenik connected to the game
2025-02-26T08:53:13.892Z : ucenik joined map-1
2025-02-26T08:53:17.550Z : ucenik disconnected from the game.
2025-02-26T08:54:01.928Z : ucenik connected to the game
2025-02-26T08:54:02.802Z : ucenik joined map-1
2025-02-26T08:54:46.427Z : ucenik disconnected from the game.
2025-02-26T09:08:33.242Z : ucenik connected to the game
2025-02-26T09:08:34.118Z : ucenik joined map-1
2025-02-26T09:08:56.586Z : ucenik disconnected from the game.
2025-02-26T09:09:14.541Z : ucenik connected to the game
2025-02-26T09:09:15.404Z : ucenik joined map-1
2025-02-26T09:10:21.998Z : ucenik disconnected from the game.
2025-02-26T09:10:27.620Z : ucenik connected to the game
2025-02-26T09:10:28.491Z : ucenik joined map-1
2025-02-26T09:11:42.713Z : ucenik disconnected from the game.
2025-02-26T09:11:46.032Z : ucenik connected to the game
2025-02-26T09:11:46.935Z : ucenik joined map-1
2025-02-26T09:11:52.880Z : ucenik disconnected from the game.
2025-02-26T09:12:33.398Z : ucenik connected to the game
2025-02-26T09:12:34.284Z : ucenik joined map-1
2025-02-26T09:12:42.416Z : ucenik disconnected from the game.
2025-02-26T09:13:24.081Z : ucenik connected to the game
2025-02-26T09:13:24.983Z : ucenik joined map-1
2025-02-26T09:13:33.463Z : ucenik disconnected from the game.
2025-02-26T09:15:36.837Z : ucenik connected to the game
2025-02-26T09:15:37.723Z : ucenik joined map-1
2025-02-26T09:15:44.254Z : ucenik disconnected from the game.
2025-02-26T09:16:33.332Z : ucenik connected to the game
2025-02-26T09:16:34.227Z : ucenik joined map-1
2025-02-26T09:16:43.842Z : ucenik disconnected from the game.
2025-02-26T09:17:01.623Z : ucenik connected to the game
2025-02-26T09:17:02.492Z : ucenik joined map-1
2025-02-26T09:17:31.963Z : ucenik disconnected from the game.
2025-02-26T09:20:59.506Z : ucenik connected to the game
2025-02-26T09:21:00.397Z : ucenik joined map-1
2025-02-26T09:21:27.032Z : ucenik disconnected from the game.
2025-02-26T09:21:30.542Z : ucenik connected to the game
2025-02-26T09:21:31.416Z : ucenik joined map-1
2025-02-26T09:21:46.433Z : ucenik joined map-1
2025-02-26T09:21:49.835Z : ucenik joined map-1
2025-02-26T09:22:07.076Z : ucenik joined map-1
2025-02-26T09:22:33.979Z : ucenik disconnected from the game.
2025-02-26T09:24:07.701Z : ucenik connected to the game
2025-02-26T09:24:08.562Z : ucenik joined map-1
2025-02-26T09:24:14.932Z : ucenik disconnected from the game.
2025-02-26T09:24:32.077Z : ucenik connected to the game
2025-02-26T09:24:32.951Z : ucenik joined map-1
2025-02-26T09:24:37.266Z : ucenik disconnected from the game.
2025-02-26T09:25:57.011Z : ucenik connected to the game
2025-02-26T09:25:57.860Z : ucenik joined map-1
2025-02-26T09:26:05.722Z : ucenik left map-1
2025-02-26T09:26:05.723Z : ucenik joined map-2
2025-02-26T09:26:40.925Z : ucenik joined map-2
2025-02-26T09:27:01.902Z : ucenik joined map-2
2025-02-26T09:27:05.595Z : ucenik disconnected from the game.
2025-02-26T09:28:18.276Z : ucenik connected to the game
2025-02-26T09:28:19.141Z : ucenik joined map-2
2025-02-26T09:28:44.998Z : ucenik disconnected from the game.
2025-02-26T09:29:36.520Z : ucenik connected to the game
2025-02-26T09:29:37.419Z : ucenik joined map-2
2025-02-26T09:29:41.952Z : ucenik left map-2
2025-02-26T09:29:41.953Z : ucenik joined map-1
2025-02-26T09:29:59.540Z : ucenik left map-1
2025-02-26T09:29:59.540Z : ucenik joined map-2
2025-02-26T09:30:11.410Z : ucenik disconnected from the game.
2025-02-26T09:31:04.824Z : ucenik connected to the game
2025-02-26T09:31:05.720Z : ucenik joined map-2
2025-02-26T09:31:16.783Z : ucenik left map-2
2025-02-26T09:31:16.783Z : ucenik joined map-1
2025-02-26T09:31:32.763Z : ucenik disconnected from the game.
2025-02-26T09:32:01.753Z : ucenik connected to the game
2025-02-26T09:32:02.640Z : ucenik joined map-1
2025-02-26T09:32:08.900Z : ucenik disconnected from the game.
2025-02-26T09:33:42.158Z : ucenik connected to the game
2025-02-26T09:33:43.057Z : ucenik joined map-1
2025-02-26T09:33:46.972Z : ucenik disconnected from the game.
2025-02-26T09:35:20.587Z : ucenik connected to the game
2025-02-26T09:35:21.466Z : ucenik joined map-1
2025-02-26T09:35:46.543Z : ucenik left map-1
2025-02-26T09:35:46.543Z : ucenik joined map-2
2025-02-26T09:36:42.589Z : ucenik disconnected from the game.
2025-02-26T09:42:23.405Z : ucenik connected to the game
2025-02-26T09:42:24.282Z : ucenik joined map-2
2025-02-26T09:42:35.205Z : ucenik left map-2
2025-02-26T09:42:35.205Z : ucenik joined map-1
2025-02-26T09:43:24.131Z : ucenik disconnected from the game.
2025-02-26T09:43:42.104Z : ucenik connected to the game
2025-02-26T09:43:42.989Z : ucenik joined map-1
2025-02-26T09:44:22.947Z : ucenik left map-1
2025-02-26T09:44:22.948Z : ucenik joined map-2
2025-02-26T09:44:33.747Z : ucenik left map-2
2025-02-26T09:44:33.747Z : ucenik joined map-1
2025-02-26T09:44:44.962Z : ucenik disconnected from the game.
2025-02-26T09:45:11.226Z : ucenik connected to the game
2025-02-26T09:45:12.080Z : ucenik joined map-1
2025-02-26T09:45:25.746Z : ucenik left map-1
2025-02-26T09:45:25.746Z : ucenik joined map-2
2025-02-26T09:45:39.818Z : ucenik left map-2
2025-02-26T09:45:39.819Z : ucenik joined map-1
2025-02-26T09:47:51.963Z : ucenik disconnected from the game.
2025-02-26T10:08:59.157Z : ucenik connected to the game
2025-02-26T10:09:00.037Z : ucenik joined map-1
2025-02-26T10:09:21.467Z : ucenik joined map-1
2025-02-26T10:09:54.040Z : ucenik disconnected from the game.
